2025-05-23 08:25:17,904 INFO: Application startup [in D:\Project\App\DreameFirmwareServer\FirmwareServer.py:1189]
2025-05-23 08:25:17,909 INFO: HTTPS服务器已启动在端口3443 [in D:\Project\App\DreameFirmwareServer\FirmwareServer.py:1217]
2025-05-23 08:25:17,909 INFO: HTTP服务器已启动在端口3001 [in D:\Project\App\DreameFirmwareServer\FirmwareServer.py:1223]
2025-05-23 08:36:16,359 INFO: Application startup [in D:\Project\App\DreameFirmwareServer\FirmwareServer.py:1282]
2025-05-23 08:36:16,364 INFO: HTTPS服务器已启动在端口3443 [in D:\Project\App\DreameFirmwareServer\FirmwareServer.py:1310]
2025-05-23 08:36:16,365 INFO: HTTP服务器已启动在端口3001 [in D:\Project\App\DreameFirmwareServer\FirmwareServer.py:1316]
2025-05-23 09:47:18,044 INFO: Application startup [in D:\Project\App\DreameFirmwareServer\FirmwareServer.py:1434]
2025-05-23 09:47:18,048 INFO: HTTPS服务器已启动在端口3443 [in D:\Project\App\DreameFirmwareServer\FirmwareServer.py:1462]
2025-05-23 09:47:18,050 INFO: HTTP服务器已启动在端口3001 [in D:\Project\App\DreameFirmwareServer\FirmwareServer.py:1468]
2025-05-23 09:55:27,140 INFO: Application startup [in D:\Project\App\DreameFirmwareServer\FirmwareServer.py:1434]
2025-05-23 09:55:27,144 INFO: HTTPS服务器已启动在端口3443 [in D:\Project\App\DreameFirmwareServer\FirmwareServer.py:1462]
2025-05-23 09:55:27,145 INFO: HTTP服务器已启动在端口3001 [in D:\Project\App\DreameFirmwareServer\FirmwareServer.py:1468]
2025-05-23 10:06:41,104 INFO: Application startup [in D:\Project\App\DreameFirmwareServer\FirmwareServer.py:1434]
2025-05-23 10:06:41,108 INFO: HTTPS服务器已启动在端口3443 [in D:\Project\App\DreameFirmwareServer\FirmwareServer.py:1462]
2025-05-23 10:06:41,108 INFO: HTTP服务器已启动在端口3001 [in D:\Project\App\DreameFirmwareServer\FirmwareServer.py:1468]
2025-05-23 10:24:11,334 INFO: Application startup [in D:\Project\App\DreameFirmwareServer\FirmwareServer.py:1429]
2025-05-23 10:24:11,338 INFO: HTTPS服务器已启动在端口3443 [in D:\Project\App\DreameFirmwareServer\FirmwareServer.py:1457]
2025-05-23 10:24:11,339 INFO: HTTP服务器已启动在端口3001 [in D:\Project\App\DreameFirmwareServer\FirmwareServer.py:1463]
2025-05-23 10:24:18,894 INFO: Admin admin updated visible device models for user 123 to: ['dreame.dishwasher.z4000', 'dreame.hob.cxw260z8hpro'] [in D:\Project\App\DreameFirmwareServer\FirmwareServer.py:1248]
2025-05-23 10:38:08,364 INFO: Application startup [in D:\Project\App\DreameFirmwareServer\FirmwareServer.py:1429]
2025-05-23 10:38:08,368 INFO: HTTPS服务器已启动在端口3443 [in D:\Project\App\DreameFirmwareServer\FirmwareServer.py:1457]
2025-05-23 10:38:08,369 INFO: HTTP服务器已启动在端口3001 [in D:\Project\App\DreameFirmwareServer\FirmwareServer.py:1463]
2025-05-26 18:25:05,108 INFO: Application startup [in D:\Project\App\DreameFirmwareServer\FirmwareServer.py:1429]
2025-05-26 18:25:05,120 INFO: HTTPS服务器已启动在端口3443 [in D:\Project\App\DreameFirmwareServer\FirmwareServer.py:1457]
2025-05-26 18:25:05,122 INFO: HTTP服务器已启动在端口3001 [in D:\Project\App\DreameFirmwareServer\FirmwareServer.py:1463]
2025-05-26 18:44:55,363 INFO: Application startup [in D:\Project\App\DreameFirmwareServer\FirmwareServer.py:1445]
2025-05-26 18:44:55,366 INFO: HTTPS服务器已启动在端口3443 [in D:\Project\App\DreameFirmwareServer\FirmwareServer.py:1473]
2025-05-26 18:44:55,367 INFO: HTTP服务器已启动在端口3001 [in D:\Project\App\DreameFirmwareServer\FirmwareServer.py:1479]
2025-05-26 18:45:19,774 INFO: User admin uploaded firmware 1.6.6 for device wifi (61d6c3a4-927c-446c-b900-fdadc7364855) [in D:\Project\App\DreameFirmwareServer\FirmwareServer.py:823]
2025-05-26 18:46:53,423 INFO: Application startup [in D:\Project\App\DreameFirmwareServer\FirmwareServer.py:1408]
2025-05-26 18:46:53,428 INFO: HTTPS服务器已启动在端口3443 [in D:\Project\App\DreameFirmwareServer\FirmwareServer.py:1436]
2025-05-26 18:46:53,429 INFO: HTTP服务器已启动在端口3001 [in D:\Project\App\DreameFirmwareServer\FirmwareServer.py:1442]
2025-05-26 18:49:23,046 INFO: Application startup [in D:\Project\App\DreameFirmwareServer\FirmwareServer.py:1450]
2025-05-26 18:49:23,048 INFO: 成功更新 1 个 WiFi 设备的类型 [in D:\Project\App\DreameFirmwareServer\FirmwareServer.py:1473]
2025-05-26 18:49:23,054 INFO: HTTPS服务器已启动在端口3443 [in D:\Project\App\DreameFirmwareServer\FirmwareServer.py:1486]
2025-05-26 18:49:23,055 INFO: HTTP服务器已启动在端口3001 [in D:\Project\App\DreameFirmwareServer\FirmwareServer.py:1492]
2025-05-26 18:50:54,794 INFO: Application startup [in D:\Project\App\DreameFirmwareServer\FirmwareServer.py:1448]
2025-05-26 18:50:54,798 INFO: HTTPS服务器已启动在端口3443 [in D:\Project\App\DreameFirmwareServer\FirmwareServer.py:1476]
2025-05-26 18:50:54,798 INFO: HTTP服务器已启动在端口3001 [in D:\Project\App\DreameFirmwareServer\FirmwareServer.py:1482]
2025-05-26 18:51:02,344 INFO: Admin admin updated device type for 61d6c3a4-927c-446c-b900-fdadc7364855 to device [in D:\Project\App\DreameFirmwareServer\FirmwareServer.py:1417]
2025-05-26 18:51:04,548 INFO: Admin admin updated device type for 61d6c3a4-927c-446c-b900-fdadc7364855 to wifi [in D:\Project\App\DreameFirmwareServer\FirmwareServer.py:1417]
2025-05-26 19:01:40,682 INFO: Application startup [in D:\Project\App\DreameFirmwareServer\FirmwareServer.py:1448]
2025-05-26 19:01:40,687 INFO: HTTPS服务器已启动在端口3443 [in D:\Project\App\DreameFirmwareServer\FirmwareServer.py:1476]
2025-05-26 19:01:40,687 INFO: HTTP服务器已启动在端口3001 [in D:\Project\App\DreameFirmwareServer\FirmwareServer.py:1482]
2025-05-26 19:27:51,080 INFO: Application startup [in D:\Project\App\DreameFirmwareServer\FirmwareServer.py:1448]
2025-05-26 19:27:51,084 INFO: HTTPS服务器已启动在端口3443 [in D:\Project\App\DreameFirmwareServer\FirmwareServer.py:1476]
2025-05-26 19:27:51,084 INFO: HTTP服务器已启动在端口3001 [in D:\Project\App\DreameFirmwareServer\FirmwareServer.py:1482]
2025-05-26 19:29:46,161 INFO: Application startup [in D:\Project\App\DreameFirmwareServer\FirmwareServer.py:1464]
2025-05-26 19:29:46,165 INFO: HTTPS服务器已启动在端口3443 [in D:\Project\App\DreameFirmwareServer\FirmwareServer.py:1492]
2025-05-26 19:29:46,166 INFO: HTTP服务器已启动在端口3001 [in D:\Project\App\DreameFirmwareServer\FirmwareServer.py:1498]
2025-05-26 19:29:49,640 INFO: User admin uploaded firmware 1.6.7 for device wifi (61d6c3a4-927c-446c-b900-fdadc7364855) [in D:\Project\App\DreameFirmwareServer\FirmwareServer.py:783]
2025-05-26 19:30:07,709 INFO: User admin uploaded firmware 1.6.8 for device wifi (61d6c3a4-927c-446c-b900-fdadc7364855) [in D:\Project\App\DreameFirmwareServer\FirmwareServer.py:783]
